<?xml version="1.0" encoding="UTF-8"?>
<testsuite xmlns:xsi="http://www.w3.org/2001/XMLSchema-instance" xsi:noNamespaceSchemaLocation="https://maven.apache.org/surefire/maven-surefire-plugin/xsd/surefire-test-report.xsd" name="Projeto.RMRunner" time="3.081" tests="6" errors="0" skipped="0" failures="0">
  <properties>
[...]
</properties>
  <testcase name="testRickMorty[1][1]" classname="Projeto.RMRunner" time="1.076"/>
  <testcase name="testRickMorty[1][2]" classname="Projeto.RMRunner" time="0.67"/>
  <testcase name="testRickMorty[1][3]" classname="Projeto.RMRunner" time="0.301"/>
  <testcase name="testRickMorty[1][4]" classname="Projeto.RMRunner" time="0.051"/>
  <testcase name="testRickMorty[1][5]" classname="Projeto.RMRunner" time="0.052"/>
  <testcase name="testRickMorty[1][6]" classname="Projeto.RMRunner" time="0.489"/>
</testsuite>